<?xml version="1.0" encoding="UTF-8"?>
<!-- Generated by org.testng.reporters.JUnitXMLReporter -->
<testsuite ignored="0" hostname="DESKTOP-3JIGDB9" failures="0" tests="2" name="Submit order test" time="19.592" errors="0" timestamp="2024-11-28T17:15:30 IST">
  <testcase classname="shankarraibagi.SeleniumFrameworkDesign.SubmitOrder" name="submitOrder" time="8.25"/>
  <testcase classname="shankarraibagi.SeleniumFrameworkDesign.SubmitOrder" name="orderHistoryTest" time="1.025"/>
</testsuite> <!-- Submit order test -->
