<?xml version="1.0" encoding="UTF-8"?>
<!-- Generated by org.testng.reporters.JUnitXMLReporter -->
<testsuite ignored="0" hostname="DESKTOP-3JIGDB9" failures="0" tests="2" name="Submit order test" time="20.846" errors="0" timestamp="2024-11-29T13:24:36 IST">
  <testcase classname="shankarraibagi.SeleniumFrameworkDesign.SubmitOrder" name="submitOrder" time="9.513"/>
  <testcase classname="shankarraibagi.SeleniumFrameworkDesign.SubmitOrder" name="orderHistoryTest" time="1.248"/>
</testsuite> <!-- Submit order test -->
